<?xml version="1.0" encoding="UTF-8"?>
<testng-results skipped="0" failed="0" total="1" passed="1">
  <reporter-output>
    <line>
      <![CDATA[Trying to find Element By : By.id: BE_flight_origin_city]]>
    </line>
    <line>
      <![CDATA[Found Element By : By.id: BE_flight_origin_city]]>
    </line>
    <line>
      <![CDATA[Trying to click on: [[ChromeDriver: chrome on WINDOWS (03d57e93a35ff77c395dc4c06602a569)] -> id: BE_flight_origin_city]]]>
    </line>
    <line>
      <![CDATA[Clicked on: [[ChromeDriver: chrome on WINDOWS (03d57e93a35ff77c395dc4c06602a569)] -> id: BE_flight_origin_city]]]>
    </line>
    <line>
      <![CDATA[Trying to find Element By : By.id: BE_flight_origin_city]]>
    </line>
    <line>
      <![CDATA[Found Element By : By.id: BE_flight_origin_city]]>
    </line>
    <line>
      <![CDATA[Trying to find Element By : By.id: BE_flight_origin_city]]>
    </line>
    <line>
      <![CDATA[Found Element By : By.id: BE_flight_origin_city]]>
    </line>
    <line>
      <![CDATA[Trying to find Element By : By.xpath: //span[normalize-space()='(BLR)']]]>
    </line>
    <line>
      <![CDATA[Found Element By : By.xpath: //span[normalize-space()='(BLR)']]]>
    </line>
    <line>
      <![CDATA[Trying to click on: [[ChromeDriver: chrome on WINDOWS (03d57e93a35ff77c395dc4c06602a569)] -> xpath: //span[normalize-space()='(BLR)']]]]>
    </line>
    <line>
      <![CDATA[Clicked on: [[ChromeDriver: chrome on WINDOWS (03d57e93a35ff77c395dc4c06602a569)] -> xpath: //span[normalize-space()='(BLR)']]]]>
    </line>
    <line>
      <![CDATA[Trying to find Element By : By.id: BE_flight_arrival_city]]>
    </line>
    <line>
      <![CDATA[Found Element By : By.id: BE_flight_arrival_city]]>
    </line>
    <line>
      <![CDATA[Trying to click on: [[ChromeDriver: chrome on WINDOWS (03d57e93a35ff77c395dc4c06602a569)] -> id: BE_flight_arrival_city]]]>
    </line>
    <line>
      <![CDATA[Clicked on: [[ChromeDriver: chrome on WINDOWS (03d57e93a35ff77c395dc4c06602a569)] -> id: BE_flight_arrival_city]]]>
    </line>
    <line>
      <![CDATA[Trying to find Element By : By.id: BE_flight_arrival_city]]>
    </line>
    <line>
      <![CDATA[Found Element By : By.id: BE_flight_arrival_city]]>
    </line>
    <line>
      <![CDATA[Trying to find Element By : By.id: BE_flight_arrival_city]]>
    </line>
    <line>
      <![CDATA[Found Element By : By.id: BE_flight_arrival_city]]>
    </line>
    <line>
      <![CDATA[Trying to find Element By : By.xpath: //span[normalize-space()='(DEL)']]]>
    </line>
    <line>
      <![CDATA[Found Element By : By.xpath: //span[normalize-space()='(DEL)']]]>
    </line>
    <line>
      <![CDATA[Trying to click on: [[ChromeDriver: chrome on WINDOWS (03d57e93a35ff77c395dc4c06602a569)] -> xpath: //span[normalize-space()='(DEL)']]]]>
    </line>
    <line>
      <![CDATA[Clicked on: [[ChromeDriver: chrome on WINDOWS (03d57e93a35ff77c395dc4c06602a569)] -> xpath: //span[normalize-space()='(DEL)']]]]>
    </line>
    <line>
      <![CDATA[Trying to find Element By : By.xpath: //input[@id='BE_flight_origin_date']]]>
    </line>
    <line>
      <![CDATA[Found Element By : By.xpath: //input[@id='BE_flight_origin_date']]]>
    </line>
    <line>
      <![CDATA[Trying to click on: [[ChromeDriver: chrome on WINDOWS (03d57e93a35ff77c395dc4c06602a569)] -> xpath: //input[@id='BE_flight_origin_date']]]]>
    </line>
    <line>
      <![CDATA[Clicked on: [[ChromeDriver: chrome on WINDOWS (03d57e93a35ff77c395dc4c06602a569)] -> xpath: //input[@id='BE_flight_origin_date']]]]>
    </line>
    <line>
      <![CDATA[Trying to find Element By : By.xpath: //td[contains(@title,'Sunday,')]]]>
    </line>
    <line>
      <![CDATA[Exception occured: org.openqa.selenium.NoSuchElementException: no such element: Unable to locate element: {"method":"xpath","selector":"//td[contains(@title,'Sunday,')]"}
  (Session info: chrome=91.0.4472.114)
For documentation on this error, please visit: https://www.seleniumhq.org/exceptions/no_such_element.html
Build info: version: '3.141.59', revision: 'e82be7d358', time: '2018-11-14T08:17:03'
System info: host: 'IDELIVER20-PC', ip: '192.168.29.177', os.name: 'Windows 10', os.arch: 'amd64', os.version: '10.0', java.version: '1.8.0_291'
Driver info: org.openqa.selenium.chrome.ChromeDriver
Capabilities {acceptInsecureCerts: false, browserName: chrome, browserVersion: 91.0.4472.114, chrome: {chromedriverVersion: 91.0.4472.19 (1bf021f248676..., userDataDir: C:\Users\com\AppData\Local\...}, goog:chromeOptions: {debuggerAddress: localhost:64914}, javascriptEnabled: true, networkConnectionEnabled: false, pageLoadStrategy: normal, platform: WINDOWS, platformName: WINDOWS, proxy: Proxy(), setWindowRect: true, strictFileInteractability: false, timeouts: {implicit: 0, pageLoad: 300000, script: 30000}, unhandledPromptBehavior: dismiss and notify, webauthn:extension:largeBlob: true, webauthn:virtualAuthenticators: true}
Session ID: 03d57e93a35ff77c395dc4c06602a569
*** Element info: {Using=xpath, value=//td[contains(@title,'Sunday,')]}]]>
    </line>
    <line>
      <![CDATA[Trying to find Element By : By.xpath: //td[contains(@title,'Sunday,')]]]>
    </line>
    <line>
      <![CDATA[Found Element By : By.xpath: //td[contains(@title,'Sunday,')]]]>
    </line>
    <line>
      <![CDATA[Trying to find Element By : By.xpath: //div[@class='ripple-parent search-height demo-icon icon-go']//input[@id='BE_flight_flsearch_btn']]]>
    </line>
    <line>
      <![CDATA[Found Element By : By.xpath: //div[@class='ripple-parent search-height demo-icon icon-go']//input[@id='BE_flight_flsearch_btn']]]>
    </line>
    <line>
      <![CDATA[Trying to find Element By : By.xpath: //div[@class='flightItem border-shadow pr']]]>
    </line>
    <line>
      <![CDATA[Found Element By : By.xpath: //div[@class='flightItem border-shadow pr']]]>
    </line>
  </reporter-output>
  <suite name="Default suite" duration-ms="98793" started-at="2021-07-01T07:47:19Z" finished-at="2021-07-01T07:48:58Z">
    <groups>
    </groups>
    <test name="Default test" duration-ms="98793" started-at="2021-07-01T07:47:19Z" finished-at="2021-07-01T07:48:58Z">
      <class name="testClass.TC001_SearchFlights_Yatra">
        <test-method status="PASS" signature="extentFileCreation()[pri:0, instance:testClass.TC001_SearchFlights_Yatra@41e36e46]" name="extentFileCreation" is-config="true" duration-ms="476" started-at="2021-07-01T13:17:19Z" finished-at="2021-07-01T13:17:19Z">
          <reporter-output>
          </reporter-output>
        </test-method> <!-- extentFileCreation -->
        <test-method status="PASS" signature="launchApplication(org.testng.ITestContext)[pri:0, instance:testClass.TC001_SearchFlights_Yatra@41e36e46]" name="launchApplication" is-config="true" duration-ms="14000" started-at="2021-07-01T13:17:19Z" finished-at="2021-07-01T13:17:33Z">
          <params>
            <param index="0">
              <value>
                <![CDATA[org.testng.TestRunner@5f36c8e3]]>
              </value>
            </param>
          </params>
          <reporter-output>
          </reporter-output>
        </test-method> <!-- launchApplication -->
        <test-method status="PASS" signature="searchFlightTest()[pri:0, instance:testClass.TC001_SearchFlights_Yatra@41e36e46]" name="searchFlightTest" duration-ms="79702" started-at="2021-07-01T13:17:33Z" finished-at="2021-07-01T13:18:53Z">
          <reporter-output>
            <line>
              <![CDATA[Trying to find Element By : By.id: BE_flight_origin_city]]>
            </line>
            <line>
              <![CDATA[Found Element By : By.id: BE_flight_origin_city]]>
            </line>
            <line>
              <![CDATA[Trying to click on: [[ChromeDriver: chrome on WINDOWS (03d57e93a35ff77c395dc4c06602a569)] -> id: BE_flight_origin_city]]]>
            </line>
            <line>
              <![CDATA[Clicked on: [[ChromeDriver: chrome on WINDOWS (03d57e93a35ff77c395dc4c06602a569)] -> id: BE_flight_origin_city]]]>
            </line>
            <line>
              <![CDATA[Trying to find Element By : By.id: BE_flight_origin_city]]>
            </line>
            <line>
              <![CDATA[Found Element By : By.id: BE_flight_origin_city]]>
            </line>
            <line>
              <![CDATA[Trying to find Element By : By.id: BE_flight_origin_city]]>
            </line>
            <line>
              <![CDATA[Found Element By : By.id: BE_flight_origin_city]]>
            </line>
            <line>
              <![CDATA[Trying to find Element By : By.xpath: //span[normalize-space()='(BLR)']]]>
            </line>
            <line>
              <![CDATA[Found Element By : By.xpath: //span[normalize-space()='(BLR)']]]>
            </line>
            <line>
              <![CDATA[Trying to click on: [[ChromeDriver: chrome on WINDOWS (03d57e93a35ff77c395dc4c06602a569)] -> xpath: //span[normalize-space()='(BLR)']]]]>
            </line>
            <line>
              <![CDATA[Clicked on: [[ChromeDriver: chrome on WINDOWS (03d57e93a35ff77c395dc4c06602a569)] -> xpath: //span[normalize-space()='(BLR)']]]]>
            </line>
            <line>
              <![CDATA[Trying to find Element By : By.id: BE_flight_arrival_city]]>
            </line>
            <line>
              <![CDATA[Found Element By : By.id: BE_flight_arrival_city]]>
            </line>
            <line>
              <![CDATA[Trying to click on: [[ChromeDriver: chrome on WINDOWS (03d57e93a35ff77c395dc4c06602a569)] -> id: BE_flight_arrival_city]]]>
            </line>
            <line>
              <![CDATA[Clicked on: [[ChromeDriver: chrome on WINDOWS (03d57e93a35ff77c395dc4c06602a569)] -> id: BE_flight_arrival_city]]]>
            </line>
            <line>
              <![CDATA[Trying to find Element By : By.id: BE_flight_arrival_city]]>
            </line>
            <line>
              <![CDATA[Found Element By : By.id: BE_flight_arrival_city]]>
            </line>
            <line>
              <![CDATA[Trying to find Element By : By.id: BE_flight_arrival_city]]>
            </line>
            <line>
              <![CDATA[Found Element By : By.id: BE_flight_arrival_city]]>
            </line>
            <line>
              <![CDATA[Trying to find Element By : By.xpath: //span[normalize-space()='(DEL)']]]>
            </line>
            <line>
              <![CDATA[Found Element By : By.xpath: //span[normalize-space()='(DEL)']]]>
            </line>
            <line>
              <![CDATA[Trying to click on: [[ChromeDriver: chrome on WINDOWS (03d57e93a35ff77c395dc4c06602a569)] -> xpath: //span[normalize-space()='(DEL)']]]]>
            </line>
            <line>
              <![CDATA[Clicked on: [[ChromeDriver: chrome on WINDOWS (03d57e93a35ff77c395dc4c06602a569)] -> xpath: //span[normalize-space()='(DEL)']]]]>
            </line>
            <line>
              <![CDATA[Trying to find Element By : By.xpath: //input[@id='BE_flight_origin_date']]]>
            </line>
            <line>
              <![CDATA[Found Element By : By.xpath: //input[@id='BE_flight_origin_date']]]>
            </line>
            <line>
              <![CDATA[Trying to click on: [[ChromeDriver: chrome on WINDOWS (03d57e93a35ff77c395dc4c06602a569)] -> xpath: //input[@id='BE_flight_origin_date']]]]>
            </line>
            <line>
              <![CDATA[Clicked on: [[ChromeDriver: chrome on WINDOWS (03d57e93a35ff77c395dc4c06602a569)] -> xpath: //input[@id='BE_flight_origin_date']]]]>
            </line>
            <line>
              <![CDATA[Trying to find Element By : By.xpath: //td[contains(@title,'Sunday,')]]]>
            </line>
            <line>
              <![CDATA[Exception occured: org.openqa.selenium.NoSuchElementException: no such element: Unable to locate element: {"method":"xpath","selector":"//td[contains(@title,'Sunday,')]"}
  (Session info: chrome=91.0.4472.114)
For documentation on this error, please visit: https://www.seleniumhq.org/exceptions/no_such_element.html
Build info: version: '3.141.59', revision: 'e82be7d358', time: '2018-11-14T08:17:03'
System info: host: 'IDELIVER20-PC', ip: '192.168.29.177', os.name: 'Windows 10', os.arch: 'amd64', os.version: '10.0', java.version: '1.8.0_291'
Driver info: org.openqa.selenium.chrome.ChromeDriver
Capabilities {acceptInsecureCerts: false, browserName: chrome, browserVersion: 91.0.4472.114, chrome: {chromedriverVersion: 91.0.4472.19 (1bf021f248676..., userDataDir: C:\Users\com\AppData\Local\...}, goog:chromeOptions: {debuggerAddress: localhost:64914}, javascriptEnabled: true, networkConnectionEnabled: false, pageLoadStrategy: normal, platform: WINDOWS, platformName: WINDOWS, proxy: Proxy(), setWindowRect: true, strictFileInteractability: false, timeouts: {implicit: 0, pageLoad: 300000, script: 30000}, unhandledPromptBehavior: dismiss and notify, webauthn:extension:largeBlob: true, webauthn:virtualAuthenticators: true}
Session ID: 03d57e93a35ff77c395dc4c06602a569
*** Element info: {Using=xpath, value=//td[contains(@title,'Sunday,')]}]]>
            </line>
            <line>
              <![CDATA[Trying to find Element By : By.xpath: //td[contains(@title,'Sunday,')]]]>
            </line>
            <line>
              <![CDATA[Found Element By : By.xpath: //td[contains(@title,'Sunday,')]]]>
            </line>
            <line>
              <![CDATA[Trying to find Element By : By.xpath: //div[@class='ripple-parent search-height demo-icon icon-go']//input[@id='BE_flight_flsearch_btn']]]>
            </line>
            <line>
              <![CDATA[Found Element By : By.xpath: //div[@class='ripple-parent search-height demo-icon icon-go']//input[@id='BE_flight_flsearch_btn']]]>
            </line>
            <line>
              <![CDATA[Trying to find Element By : By.xpath: //div[@class='flightItem border-shadow pr']]]>
            </line>
            <line>
              <![CDATA[Found Element By : By.xpath: //div[@class='flightItem border-shadow pr']]]>
            </line>
          </reporter-output>
        </test-method> <!-- searchFlightTest -->
        <test-method status="PASS" signature="closeBrowser()[pri:0, instance:testClass.TC001_SearchFlights_Yatra@41e36e46]" name="closeBrowser" is-config="true" duration-ms="5068" started-at="2021-07-01T13:18:53Z" finished-at="2021-07-01T13:18:58Z">
          <reporter-output>
          </reporter-output>
        </test-method> <!-- closeBrowser -->
      </class> <!-- testClass.TC001_SearchFlights_Yatra -->
    </test> <!-- Default test -->
  </suite> <!-- Default suite -->
</testng-results>
